0 info it worked if it ends with ok
1 verbose cli [ '/usr/local/bin/node',
1 verbose cli   '/usr/local/bin/npm',
1 verbose cli   'install',
1 verbose cli   '--save',
1 verbose cli   '--',
1 verbose cli   'Marionette' ]
2 info using npm@1.3.21
3 info using node@v0.10.24
4 warn package.json worldcup2014@0.1.0 No description
5 warn package.json worldcup2014@0.1.0 No repository field.
6 warn package.json worldcup2014@0.1.0 No README data
7 verbose readDependencies using package.json deps
8 verbose cache add [ 'Marionette', null ]
9 verbose cache add name=undefined spec="Marionette" args=["Marionette",null]
10 verbose parsed url { protocol: null,
10 verbose parsed url   slashes: null,
10 verbose parsed url   auth: null,
10 verbose parsed url   host: null,
10 verbose parsed url   port: null,
10 verbose parsed url   hostname: null,
10 verbose parsed url   hash: null,
10 verbose parsed url   search: null,
10 verbose parsed url   query: null,
10 verbose parsed url   pathname: 'Marionette',
10 verbose parsed url   path: 'Marionette',
10 verbose parsed url   href: 'Marionette' }
11 silly lockFile d1bbb38b-Marionette Marionette
12 verbose lock Marionette /tmp/npm-501/.npm/d1bbb38b-Marionette.lock
13 silly lockFile d1bbb38b-Marionette Marionette
14 silly lockFile d1bbb38b-Marionette Marionette
15 verbose addNamed [ 'Marionette', '' ]
16 verbose addNamed [ null, '*' ]
17 silly lockFile b7da77a1-Marionette Marionette@
18 verbose lock Marionette@ /tmp/npm-501/.npm/b7da77a1-Marionette.lock
19 silly addNameRange { name: 'Marionette', range: '*', hasData: false }
20 verbose url raw Marionette
21 verbose url resolving [ 'https://registry.npmjs.org/', './Marionette' ]
22 verbose url resolved https://registry.npmjs.org/Marionette
23 info trying registry request attempt 1 at 19:31:17
24 http GET https://registry.npmjs.org/Marionette
25 http 404 https://registry.npmjs.org/Marionette
26 silly registry.get cb [ 404,
26 silly registry.get   { date: 'Sun, 29 Dec 2013 18:31:17 GMT',
26 silly registry.get     server: 'CouchDB/1.5.0 (Erlang OTP/R15B03)',
26 silly registry.get     'content-type': 'application/json',
26 silly registry.get     'cache-control': 'max-age=0',
26 silly registry.get     'content-length': '52',
26 silly registry.get     'accept-ranges': 'bytes',
26 silly registry.get     via: '1.1 varnish',
26 silly registry.get     age: '0',
26 silly registry.get     'x-served-by': 'cache-fra1231-FRA',
26 silly registry.get     'x-cache': 'MISS',
26 silly registry.get     'x-cache-hits': '0',
26 silly registry.get     'x-timer': 'S1388341877.332423210,VS0,VE148',
26 silly registry.get     'keep-alive': 'timeout=10, max=50',
26 silly registry.get     connection: 'Keep-Alive' } ]
27 silly lockFile b7da77a1-Marionette Marionette@
28 silly lockFile b7da77a1-Marionette Marionette@
29 error 404 'Marionette' is not in the npm registry.
29 error 404 You should bug the author to publish it
29 error 404
29 error 404 Note that you can also install from a
29 error 404 tarball, folder, or http url, or git url.
30 error System Darwin 13.0.0
31 error command "/usr/local/bin/node" "/usr/local/bin/npm" "install" "--save" "--" "Marionette"
32 error cwd /Users/Thierry/dev/worldcup2014/worldcup2014
33 error node -v v0.10.24
34 error npm -v 1.3.21
35 error code E404
36 verbose exit [ 1, true ]
